presentation/build/outputs/logs/manifest-merger-debug-report.txt
-- Merging decision tree log ---
manifest
ADDED from src\main\AndroidManifest.xml:2:1-29:12
INJECTED from src\main\AndroidManifest.xml:2:1-29:12
INJECTED from src\main\AndroidManifest.xml:2:1-29:12
INJECTED from src\main\AndroidManifest.xml:2:1-29:12
MERGED from [:data] AndroidManifest.xml:2:1-13:12
MERGED from [com.github.arimorty:floatingsearchview:2.1.1] AndroidManifest.xml:2:1-14:12
MERGED from [android.arch.navigation:navigation-ui-ktx:1.0.0] AndroidManifest.xml:17:1-22:12
MERGED from [android.arch.navigation:navigation-ui:1.0.0] AndroidManifest.xml:17:1-22:12
MERGED from [com.google.android.material:material:1.0.0] AndroidManifest.xml:17:1-24:12
MERGED from [androidx.appcompat:appcompat:1.0.2] AndroidManifest.xml:17:1-22:12
MERGED from [androidx.constraintlayout:constraintlayout:1.1.3] AndroidManifest.xml:2:1-11:12
MERGED from [com.bartoszlipinski:viewpropertyobjectanimator:1.2.0] AndroidManifest.xml:2:1-11:12
MERGED from [androidx.legacy:legacy-support-v4:1.0.0] AndroidManifest.xml:17:1-22:12
MERGED from [jp.wasabeef:recyclerview-animators:3.0.0] AndroidManifest.xml:2:1-9:12
MERGED from [androidx.recyclerview:recyclerview:1.0.0] AndroidManifest.xml:17:1-22:12
MERGED from [androidx.cardview:cardview:1.0.0] AndroidManifest.xml:17:1-22:12
MERGED from [io.reactivex.rxjava2:rxandroid:2.1.1] AndroidManifest.xml:15:1-20:12
MERGED from [androidx.room:room-rxjava2:2.1.0-alpha04] AndroidManifest.xml:17:1-22:12
MERGED from [androidx.lifecycle:lifecycle-extensions:2.0.0] AndroidManifest.xml:17:1-25:12
MERGED from [com.google.dagger:dagger-android:2.20] AndroidManifest.xml:17:1-22:12
MERGED from [com.github.bumptech.glide:glide:4.9.0] AndroidManifest.xml:2:1-12:12
MERGED from [androidx.room:room-runtime:2.1.0-alpha04] AndroidManifest.xml:17:1-28:12
MERGED from [androidx.lifecycle:lifecycle-viewmodel-ktx:2.0.0] AndroidManifest.xml:17:1-22:12
MERGED from [android.arch.navigation:navigation-fragment-ktx:1.0.0] AndroidManifest.xml:17:1-22:12
MERGED from [android.arch.navigation:navigation-fragment:1.0.0] AndroidManifest.xml:17:1-22:12
MERGED from [android.arch.navigation:navigation-runtime-ktx:1.0.0] AndroidManifest.xml:17:1-22:12
MERGED from [android.arch.navigation:navigation-common-ktx:1.0.0] AndroidManifest.xml:17:1-22:12
MERGED from [androidx.fragment:fragment:1.0.0] AndroidManifest.xml:17:1-22:12
MERGED from [androidx.vectordrawable:vectordrawable-animated:1.0.0] AndroidManifest.xml:17:1-22:12
MERGED from [androidx.legacy:legacy-support-core-ui:1.0.0] AndroidManifest.xml:17:1-22:12
MERGED from [android.arch.navigation:navigation-runtime:1.0.0] AndroidManifest.xml:17:1-22:12
MERGED from [androidx.legacy:legacy-support-core-utils:1.0.0] AndroidManifest.xml:17:1-22:12
MERGED from [androidx.transition:transition:1.0.0] AndroidManifest.xml:17:1-22:12
MERGED from [androidx.media:media:1.0.0] AndroidManifest.xml:17:1-22:12
MERGED from [androidx.lifecycle:lifecycle-process:2.0.0] AndroidManifest.xml:17:1-30:12
MERGED from [androidx.lifecycle:lifecycle-service:2.0.0] AndroidManifest.xml:17:1-22:12
MERGED from [androidx.vectordrawable:vectordrawable:1.0.1] AndroidManifest.xml:17:1-22:12
MERGED from [androidx.viewpager:viewpager:1.0.0] AndroidManifest.xml:17:1-22:12
MERGED from [androidx.coordinatorlayout:coordinatorlayout:1.0.0] AndroidManifest.xml:17:1-22:12
MERGED from [androidx.drawerlayout:drawerlayout:1.0.0] AndroidManifest.xml:17:1-22:12
MERGED from [androidx.slidingpanelayout:slidingpanelayout:1.0.0] AndroidManifest.xml:17:1-22:12
MERGED from [androidx.customview:customview:1.0.0] AndroidManifest.xml:17:1-22:12
MERGED from [androidx.swiperefreshlayout:swiperefreshlayout:1.0.0] AndroidManifest.xml:17:1-22:12
MERGED from [androidx.asynclayoutinflater:asynclayoutinflater:1.0.0] AndroidManifest.xml:17:1-22:12
MERGED from [androidx.loader:loader:1.0.0] AndroidManifest.xml:17:1-22:12
MERGED from [android.arch.navigation:navigation-common:1.0.0] AndroidManifest.xml:17:1-22:12
MERGED from [androidx.core:core:1.0.1] AndroidManifest.xml:17:1-24:12
MERGED from [androidx.lifecycle:lifecycle-runtime:2.0.0] AndroidManifest.xml:17:1-22:12
MERGED from [androidx.lifecycle:lifecycle-livedata:2.0.0] AndroidManifest.xml:17:1-22:12
MERGED from [androidx.lifecycle:lifecycle-livedata-core:2.0.0] AndroidManifest.xml:17:1-22:12
MERGED from [androidx.arch.core:core-runtime:2.0.0] AndroidManifest.xml:17:1-22:12
MERGED from [androidx.lifecycle:lifecycle-viewmodel:2.0.0] AndroidManifest.xml:17:1-22:12
MERGED from [com.github.bumptech.glide:gifdecoder:4.9.0] AndroidManifest.xml:2:1-11:12
MERGED from [androidx.sqlite:sqlite-framework:2.0.0] AndroidManifest.xml:17:1-22:12
MERGED from [androidx.sqlite:sqlite:2.0.0] AndroidManifest.xml:17:1-22:12
MERGED from [androidx.versionedparcelable:versionedparcelable:1.0.0] AndroidManifest.xml:17:1-25:12
MERGED from [androidx.cursoradapter:cursoradapter:1.0.0] AndroidManifest.xml:17:1-22:12
MERGED from [androidx.interpolator:interpolator:1.0.0] AndroidManifest.xml:17:1-22:12
MERGED from [androidx.documentfile:documentfile:1.0.0] AndroidManifest.xml:17:1-22:12
MERGED from [androidx.localbroadcastmanager:localbroadcastmanager:1.0.0] AndroidManifest.xml:17:1-22:12
MERGED from [androidx.print:print:1.0.0] AndroidManifest.xml:17:1-22:12
INJECTED from src\main\AndroidManifest.xml:2:1-29:12
INJECTED from src\main\AndroidManifest.xml:2:1-29:12
INJECTED from src\main\AndroidManifest.xml:2:1-29:12
	package
		ADDED from src\main\AndroidManifest.xml:3:11-49
		INJECTED from src\main\AndroidManifest.xml
		INJECTED from src\main\AndroidManifest.xml
	android:versionName
		INJECTED from src\main\AndroidManifest.xml
		ADDED from src\main\AndroidManifest.xml:2:1-29:12
		INJECTED from src\main\AndroidManifest.xml
	android:versionCode
		INJECTED from src\main\AndroidManifest.xml
		ADDED from src\main\AndroidManifest.xml:2:1-29:12
		INJECTED from src\main\AndroidManifest.xml
	xmlns:android
		ADDED from src\main\AndroidManifest.xml:2:11-69
uses-permission#android.permission.INTERNET
ADDED from src\main\AndroidManifest.xml:5:5-66
	android:name
		ADDED from src\main\AndroidManifest.xml:5:22-64
uses-permission#android.permission.ACCESS_NETWORK_STATE
ADDED from src\main\AndroidManifest.xml:6:5-78
MERGED from [:data] AndroidManifest.xml:11:5-79
MERGED from [:data] AndroidManifest.xml:11:5-79
	android:name
		ADDED from src\main\AndroidManifest.xml:6:22-76
application
ADDED from src\main\AndroidManifest.xml:8:5-27:19
MERGED from [com.github.arimorty:floatingsearchview:2.1.1] AndroidManifest.xml:12:5-20
MERGED from [com.github.arimorty:floatingsearchview:2.1.1] AndroidManifest.xml:12:5-20
MERGED from [com.google.android.material:material:1.0.0] AndroidManifest.xml:22:5-20
MERGED from [com.google.android.material:material:1.0.0] AndroidManifest.xml:22:5-20
MERGED from [androidx.constraintlayout:constraintlayout:1.1.3] AndroidManifest.xml:9:5-20
MERGED from [androidx.constraintlayout:constraintlayout:1.1.3] AndroidManifest.xml:9:5-20
MERGED from [androidx.lifecycle:lifecycle-extensions:2.0.0] AndroidManifest.xml:22:5-23:19
MERGED from [androidx.lifecycle:lifecycle-extensions:2.0.0] AndroidManifest.xml:22:5-23:19
MERGED from [com.github.bumptech.glide:glide:4.9.0] AndroidManifest.xml:10:5-20
MERGED from [com.github.bumptech.glide:glide:4.9.0] AndroidManifest.xml:10:5-20
MERGED from [androidx.room:room-runtime:2.1.0-alpha04] AndroidManifest.xml:22:5-26:19
MERGED from [androidx.room:room-runtime:2.1.0-alpha04] AndroidManifest.xml:22:5-26:19
MERGED from [androidx.lifecycle:lifecycle-process:2.0.0] AndroidManifest.xml:22:5-28:19
MERGED from [androidx.lifecycle:lifecycle-process:2.0.0] AndroidManifest.xml:22:5-28:19
MERGED from [androidx.core:core:1.0.1] AndroidManifest.xml:22:5-89
MERGED from [androidx.core:core:1.0.1] AndroidManifest.xml:22:5-89
MERGED from [com.github.bumptech.glide:gifdecoder:4.9.0] AndroidManifest.xml:9:5-20
MERGED from [com.github.bumptech.glide:gifdecoder:4.9.0] AndroidManifest.xml:9:5-20
MERGED from [androidx.versionedparcelable:versionedparcelable:1.0.0] AndroidManifest.xml:22:5-23:19
MERGED from [androidx.versionedparcelable:versionedparcelable:1.0.0] AndroidManifest.xml:22:5-23:19
	android:appComponentFactory
		ADDED from [androidx.core:core:1.0.1] AndroidManifest.xml:22:18-86
	android:supportsRtl
		ADDED from src\main\AndroidManifest.xml:14:13-39
	android:label
		ADDED from src\main\AndroidManifest.xml:12:13-45
	android:roundIcon
		ADDED from src\main\AndroidManifest.xml:13:13-58
	android:icon
		ADDED from src\main\AndroidManifest.xml:11:13-47
	android:allowBackup
		ADDED from src\main\AndroidManifest.xml:10:13-39
	android:theme
		ADDED from src\main\AndroidManifest.xml:15:13-44
	android:name
		ADDED from src\main\AndroidManifest.xml:9:13-51
activity#com.juan.nino.moviesrappiapp.ui.view.search.SearchMovieActivity
ADDED from src\main\AndroidManifest.xml:16:9-17:20
	android:name
		ADDED from src\main\AndroidManifest.xml:16:19-69
activity#com.juan.nino.moviesrappiapp.ui.view.base.MainActivity
ADDED from src\main\AndroidManifest.xml:18:9-26:20
	android:screenOrientation
		ADDED from src\main\AndroidManifest.xml:20:17-53
	android:name
		ADDED from src\main\AndroidManifest.xml:19:17-58
intent-filter#action:name:android.intent.action.MAIN+category:name:android.intent.category.LAUNCHER
ADDED from src\main\AndroidManifest.xml:21:13-25:29
action#android.intent.action.MAIN
ADDED from src\main\AndroidManifest.xml:22:17-68
	android:name
		ADDED from src\main\AndroidManifest.xml:22:25-66
category#android.intent.category.LAUNCHER
ADDED from src\main\AndroidManifest.xml:24:17-76
	android:name
		ADDED from src\main\AndroidManifest.xml:24:27-74
uses-sdk
INJECTED from src\main\AndroidManifest.xml reason: use-sdk injection requested
INJECTED from src\main\AndroidManifest.xml
INJECTED from src\main\AndroidManifest.xml
MERGED from [:data] AndroidManifest.xml:7:5-9:41
MERGED from [:data] AndroidManifest.xml:7:5-9:41
MERGED from [com.github.arimorty:floatingsearchview:2.1.1] AndroidManifest.xml:8:5-10:41
MERGED from [com.github.arimorty:floatingsearchview:2.1.1] AndroidManifest.xml:8:5-10:41
MERGED from [android.arch.navigation:navigation-ui-ktx:1.0.0] AndroidManifest.xml:20:5-44
MERGED from [android.arch.navigation:navigation-ui-ktx:1.0.0] AndroidManifest.xml:20:5-44
MERGED from [android.arch.navigation:navigation-ui:1.0.0] AndroidManifest.xml:20:5-44
MERGED from [android.arch.navigation:navigation-ui:1.0.0] AndroidManifest.xml:20:5-44
MERGED from [com.google.android.material:material:1.0.0] AndroidManifest.xml:20:5-44
MERGED from [com.google.android.material:material:1.0.0] AndroidManifest.xml:20:5-44
MERGED from [androidx.appcompat:appcompat:1.0.2] AndroidManifest.xml:20:5-44
MERGED from [androidx.appcompat:appcompat:1.0.2] AndroidManifest.xml:20:5-44
MERGED from [androidx.constraintlayout:constraintlayout:1.1.3] AndroidManifest.xml:5:5-7:41
MERGED from [androidx.constraintlayout:constraintlayout:1.1.3] AndroidManifest.xml:5:5-7:41
MERGED from [com.bartoszlipinski:viewpropertyobjectanimator:1.2.0] AndroidManifest.xml:7:5-9:41
MERGED from [com.bartoszlipinski:viewpropertyobjectanimator:1.2.0] AndroidManifest.xml:7:5-9:41
MERGED from [androidx.legacy:legacy-support-v4:1.0.0] AndroidManifest.xml:20:5-44
MERGED from [androidx.legacy:legacy-support-v4:1.0.0] AndroidManifest.xml:20:5-44
MERGED from [jp.wasabeef:recyclerview-animators:3.0.0] AndroidManifest.xml:5:5-7:41
MERGED from [jp.wasabeef:recyclerview-animators:3.0.0] AndroidManifest.xml:5:5-7:41
MERGED from [androidx.recyclerview:recyclerview:1.0.0] AndroidManifest.xml:20:5-44
MERGED from [androidx.recyclerview:recyclerview:1.0.0] AndroidManifest.xml:20:5-44
MERGED from [androidx.cardview:cardview:1.0.0] AndroidManifest.xml:20:5-44
MERGED from [androidx.cardview:cardview:1.0.0] AndroidManifest.xml:20:5-44
MERGED from [io.reactivex.rxjava2:rxandroid:2.1.1] AndroidManifest.xml:18:5-43
MERGED from [io.reactivex.rxjava2:rxandroid:2.1.1] AndroidManifest.xml:18:5-43
MERGED from [androidx.room:room-rxjava2:2.1.0-alpha04] AndroidManifest.xml:20:5-44
MERGED from [androidx.room:room-rxjava2:2.1.0-alpha04] AndroidManifest.xml:20:5-44
MERGED from [androidx.lifecycle:lifecycle-extensions:2.0.0] AndroidManifest.xml:20:5-44
MERGED from [androidx.lifecycle:lifecycle-extensions:2.0.0] AndroidManifest.xml:20:5-44
MERGED from [com.google.dagger:dagger-android:2.20] AndroidManifest.xml:20:5-44
MERGED from [com.google.dagger:dagger-android:2.20] AndroidManifest.xml:20:5-44
MERGED from [com.github.bumptech.glide:glide:4.9.0] AndroidManifest.xml:6:5-8:41
MERGED from [com.github.bumptech.glide:glide:4.9.0] AndroidManifest.xml:6:5-8:41
MERGED from [androidx.room:room-runtime:2.1.0-alpha04] AndroidManifest.xml:20:5-44
MERGED from [androidx.room:room-runtime:2.1.0-alpha04] AndroidManifest.xml:20:5-44
MERGED from [androidx.lifecycle:lifecycle-viewmodel-ktx:2.0.0] AndroidManifest.xml:20:5-44
MERGED from [androidx.lifecycle:lifecycle-viewmodel-ktx:2.0.0] AndroidManifest.xml:20:5-44
MERGED from [android.arch.navigation:navigation-fragment-ktx:1.0.0] AndroidManifest.xml:20:5-44
MERGED from [android.arch.navigation:navigation-fragment-ktx:1.0.0] AndroidManifest.xml:20:5-44
MERGED from [android.arch.navigation:navigation-fragment:1.0.0] AndroidManifest.xml:20:5-44
MERGED from [android.arch.navigation:navigation-fragment:1.0.0] AndroidManifest.xml:20:5-44
MERGED from [android.arch.navigation:navigation-runtime-ktx:1.0.0] AndroidManifest.xml:20:5-44
MERGED from [android.arch.navigation:navigation-runtime-ktx:1.0.0] AndroidManifest.xml:20:5-44
MERGED from [android.arch.navigation:navigation-common-ktx:1.0.0] AndroidManifest.xml:20:5-44
MERGED from [android.arch.navigation:navigation-common-ktx:1.0.0] AndroidManifest.xml:20:5-44
MERGED from [androidx.fragment:fragment:1.0.0] AndroidManifest.xml:20:5-44
MERGED from [androidx.fragment:fragment:1.0.0] AndroidManifest.xml:20:5-44
MERGED from [androidx.vectordrawable:vectordrawable-animated:1.0.0] AndroidManifest.xml:20:5-44
MERGED from [androidx.vectordrawable:vectordrawable-animated:1.0.0] AndroidManifest.xml:20:5-44
MERGED from [androidx.legacy:legacy-support-core-ui:1.0.0] AndroidManifest.xml:20:5-44
MERGED from [androidx.legacy:legacy-support-core-ui:1.0.0] AndroidManifest.xml:20:5-44
MERGED from [android.arch.navigation:navigation-runtime:1.0.0] AndroidManifest.xml:20:5-44
MERGED from [android.arch.navigation:navigation-runtime:1.0.0] AndroidManifest.xml:20:5-44
MERGED from [androidx.legacy:legacy-support-core-utils:1.0.0] AndroidManifest.xml:20:5-44
MERGED from [androidx.legacy:legacy-support-core-utils:1.0.0] AndroidManifest.xml:20:5-44
MERGED from [androidx.transition:transition:1.0.0] AndroidManifest.xml:20:5-44
MERGED from [androidx.transition:transition:1.0.0] AndroidManifest.xml:20:5-44
MERGED from [androidx.media:media:1.0.0] AndroidManifest.xml:20:5-44
MERGED from [androidx.media:media:1.0.0] AndroidManifest.xml:20:5-44
MERGED from [androidx.lifecycle:lifecycle-process:2.0.0] AndroidManifest.xml:20:5-44
MERGED from [androidx.lifecycle:lifecycle-process:2.0.0] AndroidManifest.xml:20:5-44
MERGED from [androidx.lifecycle:lifecycle-service:2.0.0] AndroidManifest.xml:20:5-44
MERGED from [androidx.lifecycle:lifecycle-service:2.0.0] AndroidManifest.xml:20:5-44
MERGED from [androidx.vectordrawable:vectordrawable:1.0.1] AndroidManifest.xml:20:5-44
MERGED from [androidx.vectordrawable:vectordrawable:1.0.1] AndroidManifest.xml:20:5-44
MERGED from [androidx.viewpager:viewpager:1.0.0] AndroidManifest.xml:20:5-44
MERGED from [androidx.viewpager:viewpager:1.0.0] AndroidManifest.xml:20:5-44
MERGED from [androidx.coordinatorlayout:coordinatorlayout:1.0.0] AndroidManifest.xml:20:5-44
MERGED from [androidx.coordinatorlayout:coordinatorlayout:1.0.0] AndroidManifest.xml:20:5-44
MERGED from [androidx.drawerlayout:drawerlayout:1.0.0] AndroidManifest.xml:20:5-44
MERGED from [androidx.drawerlayout:drawerlayout:1.0.0] AndroidManifest.xml:20:5-44
MERGED from [androidx.slidingpanelayout:slidingpanelayout:1.0.0] AndroidManifest.xml:20:5-44
MERGED from [androidx.slidingpanelayout:slidingpanelayout:1.0.0] AndroidManifest.xml:20:5-44
MERGED from [androidx.customview:customview:1.0.0] AndroidManifest.xml:20:5-44
MERGED from [androidx.customview:customview:1.0.0] AndroidManifest.xml:20:5-44
MERGED from [androidx.swiperefreshlayout:swiperefreshlayout:1.0.0] AndroidManifest.xml:20:5-44
MERGED from [androidx.swiperefreshlayout:swiperefreshlayout:1.0.0] AndroidManifest.xml:20:5-44
MERGED from [androidx.asynclayoutinflater:asynclayoutinflater:1.0.0] AndroidManifest.xml:20:5-44
MERGED from [androidx.asynclayoutinflater:asynclayoutinflater:1.0.0] AndroidManifest.xml:20:5-44
MERGED from [androidx.loader:loader:1.0.0] AndroidManifest.xml:20:5-44
MERGED from [androidx.loader:loader:1.0.0] AndroidManifest.xml:20:5-44
MERGED from [android.arch.navigation:navigation-common:1.0.0] AndroidManifest.xml:20:5-44
MERGED from [android.arch.navigation:navigation-common:1.0.0] AndroidManifest.xml:20:5-44
MERGED from [androidx.core:core:1.0.1] AndroidManifest.xml:20:5-44
MERGED from [androidx.core:core:1.0.1] AndroidManifest.xml:20:5-44
MERGED from [androidx.lifecycle:lifecycle-runtime:2.0.0] AndroidManifest.xml:20:5-44
MERGED from [androidx.lifecycle:lifecycle-runtime:2.0.0] AndroidManifest.xml:20:5-44
MERGED from [androidx.lifecycle:lifecycle-livedata:2.0.0] AndroidManifest.xml:20:5-44
MERGED from [androidx.lifecycle:lifecycle-livedata:2.0.0] AndroidManifest.xml:20:5-44
MERGED from [androidx.lifecycle:lifecycle-livedata-core:2.0.0] AndroidManifest.xml:20:5-44
MERGED from [androidx.lifecycle:lifecycle-livedata-core:2.0.0] AndroidManifest.xml:20:5-44
MERGED from [androidx.arch.core:core-runtime:2.0.0] AndroidManifest.xml:20:5-44
MERGED from [androidx.arch.core:core-runtime:2.0.0] AndroidManifest.xml:20:5-44
MERGED from [androidx.lifecycle:lifecycle-viewmodel:2.0.0] AndroidManifest.xml:20:5-44
MERGED from [androidx.lifecycle:lifecycle-viewmodel:2.0.0] AndroidManifest.xml:20:5-44
MERGED from [com.github.bumptech.glide:gifdecoder:4.9.0] AndroidManifest.xml:5:5-7:41
MERGED from [com.github.bumptech.glide:gifdecoder:4.9.0] AndroidManifest.xml:5:5-7:41
MERGED from [androidx.sqlite:sqlite-framework:2.0.0] AndroidManifest.xml:20:5-44
MERGED from [androidx.sqlite:sqlite-framework:2.0.0] AndroidManifest.xml:20:5-44
MERGED from [androidx.sqlite:sqlite:2.0.0] AndroidManifest.xml:20:5-44
MERGED from [androidx.sqlite:sqlite:2.0.0] AndroidManifest.xml:20:5-44
MERGED from [androidx.versionedparcelable:versionedparcelable:1.0.0] AndroidManifest.xml:20:5-44
MERGED from [androidx.versionedparcelable:versionedparcelable:1.0.0] AndroidManifest.xml:20:5-44
MERGED from [androidx.cursoradapter:cursoradapter:1.0.0] AndroidManifest.xml:20:5-44
MERGED from [androidx.cursoradapter:cursoradapter:1.0.0] AndroidManifest.xml:20:5-44
MERGED from [androidx.interpolator:interpolator:1.0.0] AndroidManifest.xml:20:5-44
MERGED from [androidx.interpolator:interpolator:1.0.0] AndroidManifest.xml:20:5-44
MERGED from [androidx.documentfile:documentfile:1.0.0] AndroidManifest.xml:20:5-44
MERGED from [androidx.documentfile:documentfile:1.0.0] AndroidManifest.xml:20:5-44
MERGED from [androidx.localbroadcastmanager:localbroadcastmanager:1.0.0] AndroidManifest.xml:20:5-44
MERGED from [androidx.localbroadcastmanager:localbroadcastmanager:1.0.0] AndroidManifest.xml:20:5-44
MERGED from [androidx.print:print:1.0.0] AndroidManifest.xml:20:5-44
MERGED from [androidx.print:print:1.0.0] AndroidManifest.xml:20:5-44
INJECTED from src\main\AndroidManifest.xml
INJECTED from src\main\AndroidManifest.xml
	android:targetSdkVersion
		INJECTED from src\main\AndroidManifest.xml
		ADDED from src\main\AndroidManifest.xml
		INJECTED from src\main\AndroidManifest.xml
	android:minSdkVersion
		INJECTED from src\main\AndroidManifest.xml
		ADDED from src\main\AndroidManifest.xml
		INJECTED from src\main\AndroidManifest.xml
service#androidx.room.MultiInstanceInvalidationService
ADDED from [androidx.room:room-runtime:2.1.0-alpha04] AndroidManifest.xml:23:9-25:40
	android:exported
		ADDED from [androidx.room:room-runtime:2.1.0-alpha04] AndroidManifest.xml:25:13-37
	android:name
		ADDED from [androidx.room:room-runtime:2.1.0-alpha04] AndroidManifest.xml:24:13-74
provider#androidx.lifecycle.ProcessLifecycleOwnerInitializer
ADDED from [androidx.lifecycle:lifecycle-process:2.0.0] AndroidManifest.xml:23:9-27:43
	android:authorities
		ADDED from [androidx.lifecycle:lifecycle-process:2.0.0] AndroidManifest.xml:25:13-69
	android:multiprocess
		ADDED from [androidx.lifecycle:lifecycle-process:2.0.0] AndroidManifest.xml:27:13-40
	android:exported
		ADDED from [androidx.lifecycle:lifecycle-process:2.0.0] AndroidManifest.xml:26:13-37
	android:name
		ADDED from [androidx.lifecycle:lifecycle-process:2.0.0] AndroidManifest.xml:24:13-79